Determining if the pthread_create exist failed with the following output:
Change Dir: /Densepose/build/CMakeFiles/CMakeTmp

Run Build Command:"/usr/bin/make" "cmTC_c0130/fast"
make[1]: Entering directory '/Densepose/build/CMakeFiles/CMakeTmp'
/usr/bin/make -f CMakeFiles/cmTC_c0130.dir/build.make CMakeFiles/cmTC_c0130.dir/build
make[2]: Entering directory '/Densepose/build/CMakeFiles/CMakeTmp'
Building C object CMakeFiles/cmTC_c0130.dir/CheckSymbolExists.c.o
/usr/bin/cc     -o CMakeFiles/cmTC_c0130.dir/CheckSymbolExists.c.o   -c /Densepose/build/CMakeFiles/CMakeTmp/CheckSymbolExists.c
Linking C executable cmTC_c0130
/usr/bin/cmake -E cmake_link_script CMakeFiles/cmTC_c0130.dir/link.txt --verbose=1
/usr/bin/cc       CMakeFiles/cmTC_c0130.dir/CheckSymbolExists.c.o  -o cmTC_c0130 -rdynamic 
CMakeFiles/cmTC_c0130.dir/CheckSymbolExists.c.o: In function `main':
CheckSymbolExists.c:(.text+0x16): undefined reference to `pthread_create'
collect2: error: ld returned 1 exit status
CMakeFiles/cmTC_c0130.dir/build.make:97: recipe for target 'cmTC_c0130' failed
make[2]: *** [cmTC_c0130] Error 1
make[2]: Leaving directory '/Densepose/build/CMakeFiles/CMakeTmp'
Makefile:126: recipe for target 'cmTC_c0130/fast' failed
make[1]: *** [cmTC_c0130/fast] Error 2
make[1]: Leaving directory '/Densepose/build/CMakeFiles/CMakeTmp'

File /Densepose/build/CMakeFiles/CMakeTmp/CheckSymbolExists.c:
/* */
#include <pthread.h>

int main(int argc, char** argv)
{
  (void)argv;
#ifndef pthread_create
  return ((int*)(&pthread_create))[argc];
#else
  (void)argc;
  return 0;
#endif
}

Determining if the function pthread_create exists in the pthreads failed with the following output:
Change Dir: /Densepose/build/CMakeFiles/CMakeTmp

Run Build Command:"/usr/bin/make" "cmTC_0bd59/fast"
make[1]: Entering directory '/Densepose/build/CMakeFiles/CMakeTmp'
/usr/bin/make -f CMakeFiles/cmTC_0bd59.dir/build.make CMakeFiles/cmTC_0bd59.dir/build
make[2]: Entering directory '/Densepose/build/CMakeFiles/CMakeTmp'
Building C object CMakeFiles/cmTC_0bd59.dir/CheckFunctionExists.c.o
/usr/bin/cc    -DCHECK_FUNCTION_EXISTS=pthread_create   -o CMakeFiles/cmTC_0bd59.dir/CheckFunctionExists.c.o   -c /usr/share/cmake-3.5/Modules/CheckFunctionExists.c
Linking C executable cmTC_0bd59
/usr/bin/cmake -E cmake_link_script CMakeFiles/cmTC_0bd59.dir/link.txt --verbose=1
/usr/bin/cc   -DCHECK_FUNCTION_EXISTS=pthread_create    CMakeFiles/cmTC_0bd59.dir/CheckFunctionExists.c.o  -o cmTC_0bd59 -rdynamic -lpthreads 
/usr/bin/ld: cannot find -lpthreads
collect2: error: ld returned 1 exit status
CMakeFiles/cmTC_0bd59.dir/build.make:97: recipe for target 'cmTC_0bd59' failed
make[2]: *** [cmTC_0bd59] Error 1
make[2]: Leaving directory '/Densepose/build/CMakeFiles/CMakeTmp'
Makefile:126: recipe for target 'cmTC_0bd59/fast' failed
make[1]: *** [cmTC_0bd59/fast] Error 2
make[1]: Leaving directory '/Densepose/build/CMakeFiles/CMakeTmp'


